{"metadata":{"stringValue":"\"1\"","kind":"ObjectId","value":"1","path":"_id","reason":{}},"level":"error","message":"Cast to ObjectId failed for value \"1\" at path \"_id\" for model \"Genre\""}
{"metadata":{"stringValue":"\"1\"","kind":"ObjectId","value":"1","path":"_id","reason":{}},"level":"warn","message":"Cast to ObjectId failed for value \"1\" at path \"_id\" for model \"Genre\""}
{"metadata":{},"level":"error","message":"FATAL"}
{"metadata":{},"level":"error","message":"FATAL"}
{"metadata":{},"level":"error","message":"FATAL"}
{"metadata":{},"level":"error","message":"Fatal"}
{"metadata":{},"level":"error","message":"Fatal"}
{"metadata":{},"level":"error","message":"Fatal"}
{"message":"Connected To MongoDB...","level":"info"}
{"message":"Connected To MongoDB...","level":"info"}
{"message":"Connected To MongoDB...","level":"info"}
{"message":"Connected To MongoDB...","level":"info"}
{"message":"Connected To MongoDB...","level":"info"}
{"message":"Connected To MongoDB...","level":"info"}
{"message":"Connected To MongoDB...","level":"info"}
{"message":"Connected To MongoDB...","level":"info"}
{"message":"Connected To MongoDB...","level":"info"}
{"message":"Connected To MongoDB...","level":"info"}
{"message":"Connected To MongoDB...","level":"info"}
{"message":"Connected To MongoDB...","level":"info"}
{"message":"Connected To MongoDB...","level":"info"}
{"message":"Connected To MongoDB...","level":"info"}
{"metadata":{"stringValue":"\"1\"","kind":"ObjectId","value":"1","path":"_id","reason":{}},"level":"error","message":"Cast to ObjectId failed for value \"1\" at path \"_id\" for model \"Genre\""}
{"metadata":{"stringValue":"\"1\"","kind":"ObjectId","value":"1","path":"_id","reason":{}},"level":"warn","message":"Cast to ObjectId failed for value \"1\" at path \"_id\" for model \"Genre\""}
{"message":"Connected To MongoDB...","level":"info"}
{"message":"Connected To MongoDB...","level":"info"}
{"message":"Connected To MongoDB...","level":"info"}
{"message":"Connected To MongoDB...","level":"info"}
{"message":"Connected To MongoDB...","level":"info"}
{"message":"Connected To MongoDB...","level":"info"}
{"message":"Connected To MongoDB...","level":"info"}
{"message":"Connected To MongoDB...","level":"info"}
{"message":"Connected To MongoDB...","level":"info"}
{"message":"Connected To MongoDB...","level":"info"}
{"metadata":{"stringValue":"\"1\"","kind":"ObjectId","value":"1","path":"_id","reason":{}},"level":"error","message":"Cast to ObjectId failed for value \"1\" at path \"_id\" for model \"Genre\""}
{"metadata":{"stringValue":"\"1\"","kind":"ObjectId","value":"1","path":"_id","reason":{}},"level":"warn","message":"Cast to ObjectId failed for value \"1\" at path \"_id\" for model \"Genre\""}
{"message":"Connected To MongoDB...","level":"info"}
{"message":"Connected To MongoDB...","level":"info"}
{"message":"Connected To MongoDB...","level":"info"}
{"message":"Connected To MongoDB...","level":"info"}
{"message":"Connected To MongoDB...","level":"info"}
{"message":"Connected To MongoDB...","level":"info"}
{"message":"Connected To MongoDB...","level":"info"}
{"message":"Listening on port 3005...","level":"info"}
{"message":"Connected To MongoDB...","level":"info"}
{"message":"Listening on port 3005...","level":"info"}
{"message":"Connected To MongoDB...","level":"info"}
{"message":"Listening on port 3005...","level":"info"}
{"message":"Connected To MongoDB...","level":"info"}
{"message":"Listening on port 3005...","level":"info"}
{"message":"Connected To MongoDB...","level":"info"}
{"message":"Listening on port 3005...","level":"info"}
{"message":"Connected To MongoDB...","level":"info"}
{"message":"Listening on port 3005...","level":"info"}
{"message":"Connected To MongoDB...","level":"info"}
{"message":"Listening on port 3005...","level":"info"}
{"message":"Connected To MongoDB...","level":"info"}
